<?xml version="1.0" encoding="UTF-8"?>
<testng-results ignored="0" total="2" passed="2" failed="0" skipped="0">
  <reporter-output>
  </reporter-output>
  <suite started-at="2022-02-12T12:23:25 IST" name="Default suite" finished-at="2022-02-12T12:23:56 IST" duration-ms="31945">
    <groups>
    </groups>
    <test started-at="2022-02-12T12:23:25 IST" name="Default test" finished-at="2022-02-12T12:23:56 IST" duration-ms="31945">
      <class name="com.edusol.runner.Runner">
        <test-method is-config="true" signature="initialSetup()[pri:0, instance:com.edusol.runner.Runner@47e2e487]" started-at="2022-02-12T12:23:24 IST" name="initialSetup" finished-at="2022-02-12T12:23:25 IST" duration-ms="13" status="PASS">
          <reporter-output>
          </reporter-output>
        </test-method> <!-- initialSetup -->
        <test-method is-config="true" signature="setup()[pri:0, instance:com.edusol.runner.Runner@47e2e487]" started-at="2022-02-12T12:23:25 IST" name="setup" finished-at="2022-02-12T12:23:35 IST" duration-ms="10021" status="PASS">
          <reporter-output>
          </reporter-output>
        </test-method> <!-- setup -->
        <test-method signature="Login()[pri:0, instance:com.edusol.runner.Runner@47e2e487]" started-at="2022-02-12T12:23:35 IST" name="Login" finished-at="2022-02-12T12:23:40 IST" duration-ms="5331" status="PASS">
          <reporter-output>
          </reporter-output>
        </test-method> <!-- Login -->
        <test-method is-config="true" signature="tearDown()[pri:0, instance:com.edusol.runner.Runner@47e2e487]" started-at="2022-02-12T12:23:40 IST" name="tearDown" finished-at="2022-02-12T12:23:41 IST" duration-ms="1161" status="PASS">
          <reporter-output>
          </reporter-output>
        </test-method> <!-- tearDown -->
        <test-method is-config="true" signature="setup()[pri:0, instance:com.edusol.runner.Runner@47e2e487]" started-at="2022-02-12T12:23:41 IST" name="setup" finished-at="2022-02-12T12:23:49 IST" duration-ms="8069" status="PASS">
          <reporter-output>
          </reporter-output>
        </test-method> <!-- setup -->
        <test-method signature="LoginLogout()[pri:0, instance:com.edusol.runner.Runner@47e2e487]" started-at="2022-02-12T12:23:49 IST" name="LoginLogout" finished-at="2022-02-12T12:23:55 IST" duration-ms="6177" status="PASS">
          <reporter-output>
          </reporter-output>
        </test-method> <!-- LoginLogout -->
        <test-method is-config="true" signature="tearDown()[pri:0, instance:com.edusol.runner.Runner@47e2e487]" started-at="2022-02-12T12:23:55 IST" name="tearDown" finished-at="2022-02-12T12:23:56 IST" duration-ms="1149" status="PASS">
          <reporter-output>
          </reporter-output>
        </test-method> <!-- tearDown -->
        <test-method is-config="true" signature="afterSuite()[pri:0, instance:com.edusol.runner.Runner@47e2e487]" started-at="2022-02-12T12:23:57 IST" name="afterSuite" finished-at="2022-02-12T12:23:57 IST" duration-ms="827" status="PASS">
          <reporter-output>
          </reporter-output>
        </test-method> <!-- afterSuite -->
      </class> <!-- com.edusol.runner.Runner -->
    </test> <!-- Default test -->
  </suite> <!-- Default suite -->
</testng-results>
